[debug] [2022-08-11T05:23:16.720Z] ----------------------------------------------------------------------
[debug] [2022-08-11T05:23:16.726Z] Command:       C:\Program Files\nodejs\node.exe C:\Users\USER\AppData\Roaming\npm\node_modules\firebase-tools\lib\bin\firebase.js login
[debug] [2022-08-11T05:23:16.727Z] CLI Version:   9.19.0
[debug] [2022-08-11T05:23:16.728Z] Platform:      win32
[debug] [2022-08-11T05:23:16.729Z] Node Version:  v16.13.2
[debug] [2022-08-11T05:23:16.738Z] Time:          Thu Aug 11 2022 06:23:16 GMT+0100 (West Africa Standard Time)
[debug] [2022-08-11T05:23:16.739Z] ----------------------------------------------------------------------
[debug] 
[debug] [2022-08-11T05:23:16.743Z] >>> [apiv2][query] GET https://firebase-public.firebaseio.com/cli.json [none]
[info] i  Firebase optionally collects CLI usage and error reporting information to help improve our products. Data is collected in accordance with Google's privacy policy (https://policies.google.com/privacy) and is not used to identify you.
 
[debug] [2022-08-11T05:23:17.548Z] <<< [apiv2][status] GET https://firebase-public.firebaseio.com/cli.json 200
[debug] [2022-08-11T05:23:17.549Z] <<< [apiv2][body] GET https://firebase-public.firebaseio.com/cli.json {"cloudBuildErrorAfter":1594252800000,"cloudBuildWarnAfter":1590019200000,"defaultNode10After":1594252800000,"minVersion":"3.0.5","node8DeploysDisabledAfter":1613390400000,"node8RuntimeDisabledAfter":1615809600000,"node8WarnAfter":1600128000000}
[info] i  To change your data collection preference at any time, run `firebase logout` and log in again. 
[info] 
[info] Visit this URL on this device to log in:
[info] https://accounts.google.com/o/oauth2/auth?client_id=563584335869-fgrhgmd47bqnekij5i8b5pr03ho849e6.apps.googleusercontent.com&scope=email%20openid%20https%3A%2F%2Fwww.googleapis.com%2Fauth%2Fcloudplatformprojects.readonly%20https%3A%2F%2Fwww.googleapis.com%2Fauth%2Ffirebase%20https%3A%2F%2Fwww.googleapis.com%2Fauth%2Fcloud-platform&response_type=code&state=802979830&redirect_uri=http%3A%2F%2Flocalhost%3A9005
[info] 
[info] Waiting for authentication...
[debug] [2022-08-11T05:51:32.652Z] ----------------------------------------------------------------------
[debug] [2022-08-11T05:51:32.658Z] Command:       C:\Program Files\nodejs\node.exe C:\Users\USER\AppData\Roaming\npm\node_modules\firebase-tools\lib\bin\firebase.js login
[debug] [2022-08-11T05:51:32.660Z] CLI Version:   9.19.0
[debug] [2022-08-11T05:51:32.660Z] Platform:      win32
[debug] [2022-08-11T05:51:32.661Z] Node Version:  v16.13.2
[debug] [2022-08-11T05:51:32.670Z] Time:          Thu Aug 11 2022 06:51:32 GMT+0100 (West Africa Standard Time)
[debug] [2022-08-11T05:51:32.671Z] ----------------------------------------------------------------------
[debug] 
[info] i  Firebase optionally collects CLI usage and error reporting information to help improve our products. Data is collected in accordance with Google's privacy policy (https://policies.google.com/privacy) and is not used to identify you.
 
[info] 
[info] Visit this URL on this device to log in:
[info] https://accounts.google.com/o/oauth2/auth?client_id=563584335869-fgrhgmd47bqnekij5i8b5pr03ho849e6.apps.googleusercontent.com&scope=email%20openid%20https%3A%2F%2Fwww.googleapis.com%2Fauth%2Fcloudplatformprojects.readonly%20https%3A%2F%2Fwww.googleapis.com%2Fauth%2Ffirebase%20https%3A%2F%2Fwww.googleapis.com%2Fauth%2Fcloud-platform&response_type=code&state=733447990&redirect_uri=http%3A%2F%2Flocalhost%3A9005
[info] 
[info] Waiting for authentication...
